<?xml version="1.0" encoding="UTF-8"?>
<!-- Generated by org.testng.reporters.JUnitReportReporter -->
<testsuite hostname="DESKTOP-29UH38F" failures="0" tests="6" name="User_Application_Test.User_Test" time="0.000" errors="0" timestamp="2024-01-20T12:08:20 GMT-07:00" skipped="6">
  <testcase classname="User_Application_Test.User_Test" name="Clients" time="0.000">
    <skipped/>
  </testcase> <!-- Clients -->
  <testcase classname="User_Application_Test.User_Test" name="Home" time="0.000">
    <skipped/>
  </testcase> <!-- Home -->
  <testcase classname="User_Application_Test.User_Test" name="Premium" time="0.000">
    <skipped/>
  </testcase> <!-- Premium -->
  <testcase classname="User_Application_Test.User_Test" name="Claims" time="0.000">
    <skipped/>
  </testcase> <!-- Claims -->
  <testcase classname="User_Application_Test.User_Test" name="Endorsement" time="0.000">
    <skipped/>
  </testcase> <!-- Endorsement -->
  <testcase classname="User_Application_Test.User_Test" name="Upload" time="0.000">
    <skipped/>
  </testcase> <!-- Upload -->
</testsuite> <!-- User_Application_Test.User_Test -->
