<?xml version="1.0" encoding="UTF-8"?>
<!-- Generated by org.testng.reporters.JUnitReportReporter -->
<testsuite hostname="DESKTOP-RK7OH3P" failures="0" tests="5" name="Employee_Application_Test.Employee_Test" time="273.650" errors="0" timestamp="2024-01-24T14:34:31 PST" skipped="0">
  <testcase classname="Employee_Application_Test.Employee_Test" name="ClaimsFormDownload" time="28.238"/>
  <testcase classname="Employee_Application_Test.Employee_Test" name="ReportClaims" time="43.558"/>
  <testcase classname="Employee_Application_Test.Employee_Test" name="Coverages" time="105.830"/>
  <testcase classname="Employee_Application_Test.Employee_Test" name="Home" time="33.249"/>
  <testcase classname="Employee_Application_Test.Employee_Test" name="MyProfile" time="62.775"/>
</testsuite> <!-- Employee_Application_Test.Employee_Test -->
