<?xml version="1.0" encoding="UTF-8"?>
<!-- Generated by org.testng.reporters.JUnitReportReporter -->
<testsuite hostname="DESKTOP-29UH38F" failures="0" tests="5" name="Employee_Application_Test.Employee_Test" time="0.002" errors="0" timestamp="2024-01-21T12:19:17 GMT-07:00" skipped="5">
  <testcase classname="Employee_Application_Test.Employee_Test" name="ClaimsFormDownload" time="0.001">
    <skipped/>
  </testcase> <!-- ClaimsFormDownload -->
  <testcase classname="Employee_Application_Test.Employee_Test" name="ReportClaims" time="0.001">
    <skipped/>
  </testcase> <!-- ReportClaims -->
  <testcase classname="Employee_Application_Test.Employee_Test" name="Coverages" time="0.000">
    <skipped/>
  </testcase> <!-- Coverages -->
  <testcase classname="Employee_Application_Test.Employee_Test" name="Home" time="0.000">
    <skipped/>
  </testcase> <!-- Home -->
  <testcase classname="Employee_Application_Test.Employee_Test" name="MyProfile" time="0.000">
    <skipped/>
  </testcase> <!-- MyProfile -->
</testsuite> <!-- Employee_Application_Test.Employee_Test -->
