<?xml version="1.0" encoding="UTF-8"?>
<!-- Generated by org.testng.reporters.JUnitReportReporter -->
<testsuite hostname="DESKTOP-RK7OH3P" failures="0" tests="5" name="Employee_Application_Test.Employee_Test" time="273.555" errors="0" timestamp="2024-02-04T18:42:51 PST" skipped="0">
  <testcase classname="Employee_Application_Test.Employee_Test" name="ClaimsFormDownload" time="28.194"/>
  <testcase classname="Employee_Application_Test.Employee_Test" name="ReportClaims" time="43.490"/>
  <testcase classname="Employee_Application_Test.Employee_Test" name="Coverages" time="105.862"/>
  <testcase classname="Employee_Application_Test.Employee_Test" name="Home" time="33.245"/>
  <testcase classname="Employee_Application_Test.Employee_Test" name="MyProfile" time="62.764"/>
</testsuite> <!-- Employee_Application_Test.Employee_Test -->
